0 verbose cli C:\Program Files\nodejs\node.exe C:\Program Files\nodejs\node_modules\npm\bin\npm-cli.js
1 info using npm@10.9.2
2 info using node@v22.15.1
3 silly config load:file:C:\Program Files\nodejs\node_modules\npm\npmrc
4 silly config load:file:C:\project\next-goal-dashboard\.npmrc
5 silly config load:file:C:\Users\rakib\.npmrc
6 silly config load:file:C:\Users\rakib\npm-global\etc\npmrc
7 verbose title npm i react-icons
8 verbose argv "i" "react-icons"
9 verbose logfile logs-max:10 dir:C:\project\next-goal-dashboard\UsersmynameAppDataRoamingnpm-cache\_logs\2025-11-09T05_57_01_600Z-
10 verbose logfile C:\project\next-goal-dashboard\UsersmynameAppDataRoamingnpm-cache\_logs\2025-11-09T05_57_01_600Z-debug-0.log
11 silly logfile done cleaning log files
12 silly packumentCache heap:4345298944 maxSize:1086324736 maxEntrySize:543162368
13 silly idealTree buildDeps
14 silly fetch manifest react-icons@*
15 silly packumentCache full:https://registry.npmjs.org/react-icons cache-miss
16 http fetch GET 200 https://registry.npmjs.org/react-icons 171ms (cache miss)
17 silly packumentCache full:https://registry.npmjs.org/react-icons set size:undefined disposed:false
18 silly fetch manifest react@^19.0.0
19 silly packumentCache full:https://registry.npmjs.org/react cache-miss
20 http fetch GET 200 https://registry.npmjs.org/react 278ms (cache miss)
21 silly packumentCache full:https://registry.npmjs.org/react set size:undefined disposed:false
22 silly placeDep ROOT react-icons@5.5.0 OK for: free-nextjs-admin-dashboard@2.0.2 want: *
23 silly reify moves {}
24 silly audit bulk request {
24 silly audit   '@alloc/quick-lru': [ '5.2.0' ],
24 silly audit   '@ampproject/remapping': [ '2.3.0' ],
24 silly audit   '@babel/code-frame': [ '7.26.2' ],
24 silly audit   '@babel/compat-data': [ '7.26.8' ],
24 silly audit   '@babel/core': [ '7.26.10' ],
24 silly audit   '@babel/generator': [ '7.27.0' ],
24 silly audit   '@babel/helper-annotate-as-pure': [ '7.25.9' ],
24 silly audit   '@babel/helper-compilation-targets': [ '7.27.0' ],
24 silly audit   '@babel/helper-create-class-features-plugin': [ '7.27.0' ],
24 silly audit   '@babel/helper-create-regexp-features-plugin': [ '7.27.0' ],
24 silly audit   '@babel/helper-define-polyfill-provider': [ '0.6.4' ],
24 silly audit   '@babel/helper-member-expression-to-functions': [ '7.25.9' ],
24 silly audit   '@babel/helper-module-imports': [ '7.25.9' ],
24 silly audit   '@babel/helper-module-transforms': [ '7.26.0' ],
24 silly audit   '@babel/helper-optimise-call-expression': [ '7.25.9' ],
24 silly audit   '@babel/helper-plugin-utils': [ '7.26.5' ],
24 silly audit   '@babel/helper-remap-async-to-generator': [ '7.25.9' ],
24 silly audit   '@babel/helper-replace-supers': [ '7.26.5' ],
24 silly audit   '@babel/helper-skip-transparent-expression-wrappers': [ '7.25.9' ],
24 silly audit   '@babel/helper-string-parser': [ '7.25.9' ],
24 silly audit   '@babel/helper-validator-identifier': [ '7.25.9' ],
24 silly audit   '@babel/helper-validator-option': [ '7.25.9' ],
24 silly audit   '@babel/helper-wrap-function': [ '7.25.9' ],
24 silly audit   '@babel/helpers': [ '7.27.0' ],
24 silly audit   '@babel/parser': [ '7.27.0' ],
24 silly audit   '@babel/plugin-bugfix-firefox-class-in-computed-class-key': [ '7.25.9' ],
24 silly audit   '@babel/plugin-bugfix-safari-class-field-initializer-scope': [ '7.25.9' ],
24 silly audit   '@babel/plugin-bugfix-safari-id-destructuring-collision-in-function-expression': [ '7.25.9' ],
24 silly audit   '@babel/plugin-bugfix-v8-spread-parameters-in-optional-chaining': [ '7.25.9' ],
24 silly audit   '@babel/plugin-bugfix-v8-static-class-fields-redefine-readonly': [ '7.25.9' ],
24 silly audit   '@babel/plugin-proposal-private-property-in-object': [ '7.21.0-placeholder-for-preset-env.2' ],
24 silly audit   '@babel/plugin-syntax-import-assertions': [ '7.26.0' ],
24 silly audit   '@babel/plugin-syntax-import-attributes': [ '7.26.0' ],
24 silly audit   '@babel/plugin-syntax-jsx': [ '7.25.9' ],
24 silly audit   '@babel/plugin-syntax-typescript': [ '7.25.9' ],
24 silly audit   '@babel/plugin-syntax-unicode-sets-regex': [ '7.18.6' ],
24 silly audit   '@babel/plugin-transform-arrow-functions': [ '7.25.9' ],
24 silly audit   '@babel/plugin-transform-async-generator-functions': [ '7.26.8' ],
24 silly audit   '@babel/plugin-transform-async-to-generator': [ '7.25.9' ],
24 silly audit   '@babel/plugin-transform-block-scoped-functions': [ '7.26.5' ],
24 silly audit   '@babel/plugin-transform-block-scoping': [ '7.27.0' ],
24 silly audit   '@babel/plugin-transform-class-properties': [ '7.25.9' ],
24 silly audit   '@babel/plugin-transform-class-static-block': [ '7.26.0' ],
24 silly audit   '@babel/plugin-transform-classes': [ '7.25.9' ],
24 silly audit   globals: [ '11.12.0', '14.0.0' ],
24 silly audit   '@babel/plugin-transform-computed-properties': [ '7.25.9' ],
24 silly audit   '@babel/plugin-transform-destructuring': [ '7.25.9' ],
24 silly audit   '@babel/plugin-transform-dotall-regex': [ '7.25.9' ],
24 silly audit   '@babel/plugin-transform-duplicate-keys': [ '7.25.9' ],
24 silly audit   '@babel/plugin-transform-duplicate-named-capturing-groups-regex': [ '7.25.9' ],
24 silly audit   '@babel/plugin-transform-dynamic-import': [ '7.25.9' ],
24 silly audit   '@babel/plugin-transform-exponentiation-operator': [ '7.26.3' ],
24 silly audit   '@babel/plugin-transform-export-namespace-from': [ '7.25.9' ],
24 silly audit   '@babel/plugin-transform-for-of': [ '7.26.9' ],
24 silly audit   '@babel/plugin-transform-function-name': [ '7.25.9' ],
24 silly audit   '@babel/plugin-transform-json-strings': [ '7.25.9' ],
24 silly audit   '@babel/plugin-transform-literals': [ '7.25.9' ],
24 silly audit   '@babel/plugin-transform-logical-assignment-operators': [ '7.25.9' ],
24 silly audit   '@babel/plugin-transform-member-expression-literals': [ '7.25.9' ],
24 silly audit   '@babel/plugin-transform-modules-amd': [ '7.25.9' ],
24 silly audit   '@babel/plugin-transform-modules-commonjs': [ '7.26.3' ],
24 silly audit   '@babel/plugin-transform-modules-systemjs': [ '7.25.9' ],
24 silly audit   '@babel/plugin-transform-modules-umd': [ '7.25.9' ],
24 silly audit   '@babel/plugin-transform-named-capturing-groups-regex': [ '7.25.9' ],
24 silly audit   '@babel/plugin-transform-new-target': [ '7.25.9' ],
24 silly audit   '@babel/plugin-transform-nullish-coalescing-operator': [ '7.26.6' ],
24 silly audit   '@babel/plugin-transform-numeric-separator': [ '7.25.9' ],
24 silly audit   '@babel/plugin-transform-object-rest-spread': [ '7.25.9' ],
24 silly audit   '@babel/plugin-transform-object-super': [ '7.25.9' ],
24 silly audit   '@babel/plugin-transform-optional-catch-binding': [ '7.25.9' ],
24 silly audit   '@babel/plugin-transform-optional-chaining': [ '7.25.9' ],
24 silly audit   '@babel/plugin-transform-parameters': [ '7.25.9' ],
24 silly audit   '@babel/plugin-transform-private-methods': [ '7.25.9' ],
24 silly audit   '@babel/plugin-transform-private-property-in-object': [ '7.25.9' ],
24 silly audit   '@babel/plugin-transform-property-literals': [ '7.25.9' ],
24 silly audit   '@babel/plugin-transform-react-constant-elements': [ '7.25.9' ],
24 silly audit   '@babel/plugin-transform-react-display-name': [ '7.25.9' ],
24 silly audit   '@babel/plugin-transform-react-jsx': [ '7.25.9' ],
24 silly audit   '@babel/plugin-transform-react-jsx-development': [ '7.25.9' ],
24 silly audit   '@babel/plugin-transform-react-pure-annotations': [ '7.25.9' ],
24 silly audit   '@babel/plugin-transform-regenerator': [ '7.27.0' ],
24 silly audit   '@babel/plugin-transform-regexp-modifiers': [ '7.26.0' ],
24 silly audit   '@babel/plugin-transform-reserved-words': [ '7.25.9' ],
24 silly audit   '@babel/plugin-transform-shorthand-properties': [ '7.25.9' ],
24 silly audit   '@babel/plugin-transform-spread': [ '7.25.9' ],
24 silly audit   '@babel/plugin-transform-sticky-regex': [ '7.25.9' ],
24 silly audit   '@babel/plugin-transform-template-literals': [ '7.26.8' ],
24 silly audit   '@babel/plugin-transform-typeof-symbol': [ '7.27.0' ],
24 silly audit   '@babel/plugin-transform-typescript': [ '7.27.0' ],
24 silly audit   '@babel/plugin-transform-unicode-escapes': [ '7.25.9' ],
24 silly audit   '@babel/plugin-transform-unicode-property-regex': [ '7.25.9' ],
24 silly audit   '@babel/plugin-transform-unicode-regex': [ '7.25.9' ],
24 silly audit   '@babel/plugin-transform-unicode-sets-regex': [ '7.25.9' ],
24 silly audit   '@babel/preset-env': [ '7.26.9' ],
24 silly audit   '@babel/preset-modules': [ '0.1.6-no-external-plugins' ],
24 silly audit   '@babel/preset-react': [ '7.26.3' ],
24 silly audit   '@babel/preset-typescript': [ '7.27.0' ],
24 silly audit   '@babel/runtime': [ '7.27.0' ],
24 silly audit   '@babel/template': [ '7.27.0' ],
24 silly audit   '@babel/traverse': [ '7.27.0' ],
24 silly audit   '@babel/types': [ '7.27.0' ],
24 silly audit   '@emnapi/core': [ '1.3.1' ],
24 silly audit   '@emnapi/runtime': [ '1.3.1' ],
24 silly audit   '@emnapi/wasi-threads': [ '1.0.1' ],
24 silly audit   '@eslint-community/eslint-utils': [ '4.5.1' ],
24 silly audit   'eslint-visitor-keys': [ '3.4.3', '4.2.0' ],
24 silly audit   '@eslint-community/regexpp': [ '4.12.1' ],
24 silly audit   '@eslint/config-array': [ '0.19.2' ],
24 silly audit   '@eslint/config-helpers': [ '0.2.0' ],
24 silly audit   '@eslint/core': [ '0.12.0' ],
24 silly audit   '@eslint/eslintrc': [ '3.3.1' ],
24 silly audit   '@eslint/js': [ '9.23.0' ],
24 silly audit   '@eslint/object-schema': [ '2.1.6' ],
24 silly audit   '@eslint/plugin-kit': [ '0.2.7' ],
24 silly audit   '@fullcalendar/core': [ '6.1.15' ],
24 silly audit   '@fullcalendar/daygrid': [ '6.1.15' ],
24 silly audit   '@fullcalendar/interaction': [ '6.1.15' ],
24 silly audit   '@fullcalendar/list': [ '6.1.15' ],
24 silly audit   '@fullcalendar/react': [ '6.1.15' ],
24 silly audit   '@fullcalendar/timegrid': [ '6.1.15' ],
24 silly audit   '@humanfs/core': [ '0.19.1' ],
24 silly audit   '@humanfs/node': [ '0.16.6' ],
24 silly audit   '@humanwhocodes/retry': [ '0.3.1', '0.4.2' ],
24 silly audit   '@humanwhocodes/module-importer': [ '1.0.1' ],
24 silly audit   '@img/sharp-darwin-arm64': [ '0.33.5' ],
24 silly audit   '@img/sharp-darwin-x64': [ '0.33.5' ],
24 silly audit   '@img/sharp-libvips-darwin-arm64': [ '1.0.4' ],
24 silly audit   '@img/sharp-libvips-darwin-x64': [ '1.0.4' ],
24 silly audit   '@img/sharp-libvips-linux-arm': [ '1.0.5' ],
24 silly audit   '@img/sharp-libvips-linux-arm64': [ '1.0.4' ],
24 silly audit   '@img/sharp-libvips-linux-s390x': [ '1.0.4' ],
24 silly audit   '@img/sharp-libvips-linux-x64': [ '1.0.4' ],
24 silly audit   '@img/sharp-libvips-linuxmusl-arm64': [ '1.0.4' ],
24 silly audit   '@img/sharp-libvips-linuxmusl-x64': [ '1.0.4' ],
24 silly audit   '@img/sharp-linux-arm': [ '0.33.5' ],
24 silly audit   '@img/sharp-linux-arm64': [ '0.33.5' ],
24 silly audit   '@img/sharp-linux-s390x': [ '0.33.5' ],
24 silly audit   '@img/sharp-linux-x64': [ '0.33.5' ],
24 silly audit   '@img/sharp-linuxmusl-arm64': [ '0.33.5' ],
24 silly audit   '@img/sharp-linuxmusl-x64': [ '0.33.5' ],
24 silly audit   '@img/sharp-wasm32': [ '0.33.5' ],
24 silly audit   '@img/sharp-win32-ia32': [ '0.33.5' ],
24 silly audit   '@img/sharp-win32-x64': [ '0.33.5' ],
24 silly audit   '@jridgewell/gen-mapping': [ '0.3.8' ],
24 silly audit   '@jridgewell/resolve-uri': [ '3.1.2' ],
24 silly audit   '@jridgewell/set-array': [ '1.2.1' ],
24 silly audit   '@jridgewell/sourcemap-codec': [ '1.5.0' ],
24 silly audit   '@jridgewell/trace-mapping': [ '0.3.25' ],
24 silly audit   '@napi-rs/wasm-runtime': [ '0.2.7' ],
24 silly audit   '@next/env': [ '15.2.3' ],
24 silly audit   '@next/eslint-plugin-next': [ '15.1.3' ],
24 silly audit   '@next/swc-darwin-arm64': [ '15.2.3' ],
24 silly audit   '@next/swc-darwin-x64': [ '15.2.3' ],
24 silly audit   '@next/swc-linux-arm64-gnu': [ '15.2.3' ],
24 silly audit   '@next/swc-linux-arm64-musl': [ '15.2.3' ],
24 silly audit   '@next/swc-linux-x64-gnu': [ '15.2.3' ],
24 silly audit   '@next/swc-linux-x64-musl': [ '15.2.3' ],
24 silly audit   '@next/swc-win32-arm64-msvc': [ '15.2.3' ],
24 silly audit   '@next/swc-win32-x64-msvc': [ '15.2.3' ],
24 silly audit   '@nodelib/fs.scandir': [ '2.1.5' ],
24 silly audit   '@nodelib/fs.stat': [ '2.0.5' ],
24 silly audit   '@nodelib/fs.walk': [ '1.2.8' ],
24 silly audit   '@nolyfill/is-core-module': [ '1.0.39' ],
24 silly audit   '@react-dnd/asap': [ '5.0.2' ],
24 silly audit   '@react-dnd/invariant': [ '4.0.2' ],
24 silly audit   '@react-dnd/shallowequal': [ '4.0.2' ],
24 silly audit   '@react-jvectormap/core': [ '1.0.4' ],
24 silly audit   '@react-jvectormap/jquery-mousewheel': [ '1.0.2' ],
24 silly audit   '@react-jvectormap/lib': [ '1.0.3' ],
24 silly audit   '@react-jvectormap/world': [ '1.1.2' ],
24 silly audit   '@rtsao/scc': [ '1.1.0' ],
24 silly audit   '@rushstack/eslint-patch': [ '1.11.0' ],
24 silly audit   '@svgdotjs/svg.draggable.js': [ '3.0.6' ],
24 silly audit   '@svgdotjs/svg.filter.js': [ '3.0.9' ],
24 silly audit   '@svgdotjs/svg.js': [ '3.2.4' ],
24 silly audit   '@svgdotjs/svg.resize.js': [ '2.0.5' ],
24 silly audit   '@svgdotjs/svg.select.js': [ '4.0.2' ],
24 silly audit   '@svgr/babel-plugin-add-jsx-attribute': [ '8.0.0' ],
24 silly audit   '@svgr/babel-plugin-remove-jsx-attribute': [ '8.0.0' ],
24 silly audit   '@svgr/babel-plugin-remove-jsx-empty-expression': [ '8.0.0' ],
24 silly audit   '@svgr/babel-plugin-replace-jsx-attribute-value': [ '8.0.0' ],
24 silly audit   '@svgr/babel-plugin-svg-dynamic-title': [ '8.0.0' ],
24 silly audit   '@svgr/babel-plugin-svg-em-dimensions': [ '8.0.0' ],
24 silly audit   '@svgr/babel-plugin-transform-react-native-svg': [ '8.1.0' ],
24 silly audit   '@svgr/babel-plugin-transform-svg-component': [ '8.0.0' ],
24 silly audit   '@svgr/babel-preset': [ '8.1.0' ],
24 silly audit   '@svgr/core': [ '8.1.0' ],
24 silly audit   '@svgr/hast-util-to-babel-ast': [ '8.0.0' ],
24 silly audit   '@svgr/plugin-jsx': [ '8.1.0' ],
24 silly audit   '@svgr/plugin-svgo': [ '8.1.0' ],
24 silly audit   '@svgr/webpack': [ '8.1.0' ],
24 silly audit   '@swc/counter': [ '0.1.3' ],
24 silly audit   '@swc/helpers': [ '0.5.15' ],
24 silly audit   '@tailwindcss/forms': [ '0.5.10' ],
24 silly audit   '@tailwindcss/node': [ '4.0.15' ],
24 silly audit   '@tailwindcss/oxide': [ '4.0.15' ],
24 silly audit   '@tailwindcss/oxide-android-arm64': [ '4.0.15' ],
24 silly audit   '@tailwindcss/oxide-darwin-arm64': [ '4.0.15' ],
24 silly audit   '@tailwindcss/oxide-darwin-x64': [ '4.0.15' ],
24 silly audit   '@tailwindcss/oxide-freebsd-x64': [ '4.0.15' ],
24 silly audit   '@tailwindcss/oxide-linux-arm-gnueabihf': [ '4.0.15' ],
24 silly audit   '@tailwindcss/oxide-linux-arm64-gnu': [ '4.0.15' ],
24 silly audit   '@tailwindcss/oxide-linux-arm64-musl': [ '4.0.15' ],
24 silly audit   '@tailwindcss/oxide-linux-x64-gnu': [ '4.0.15' ],
24 silly audit   '@tailwindcss/oxide-linux-x64-musl': [ '4.0.15' ],
24 silly audit   '@tailwindcss/oxide-win32-arm64-msvc': [ '4.0.15' ],
24 silly audit   '@tailwindcss/oxide-win32-x64-msvc': [ '4.0.15' ],
24 silly audit   '@tailwindcss/postcss': [ '4.0.15' ],
24 silly audit   '@trysound/sax': [ '0.2.0' ],
24 silly audit   '@tybys/wasm-util': [ '0.9.0' ],
24 silly audit   '@types/estree': [ '1.0.7' ],
24 silly audit   '@types/json-schema': [ '7.0.15' ],
24 silly audit   '@types/json5': [ '0.0.29' ],
24 silly audit   '@types/node': [ '20.17.27' ],
24 silly audit   '@types/react': [ '19.0.12' ],
24 silly audit   '@types/react-dom': [ '19.0.4' ],
24 silly audit   '@types/react-transition-group': [ '4.4.12' ],
24 silly audit   '@typescript-eslint/eslint-plugin': [ '8.28.0' ],
24 silly audit   '@typescript-eslint/parser': [ '8.28.0' ],
24 silly audit   '@typescript-eslint/scope-manager': [ '8.28.0' ],
24 silly audit   '@typescript-eslint/type-utils': [ '8.28.0' ],
24 silly audit   '@typescript-eslint/types': [ '8.28.0' ],
24 silly audit   '@typescript-eslint/typescript-estree': [ '8.28.0' ],
24 silly audit   'brace-expansion': [ '2.0.1', '1.1.11' ],
24 silly audit   'fast-glob': [ '3.3.3', '3.3.1' ],
24 silly audit   'glob-parent': [ '5.1.2', '6.0.2' ],
24 silly audit   minimatch: [ '9.0.5', '3.1.2' ],
24 silly audit   semver: [ '7.7.1', '6.3.1' ],
24 silly audit   '@typescript-eslint/utils': [ '8.28.0' ],
24 silly audit   '@typescript-eslint/visitor-keys': [ '8.28.0' ],
24 silly audit   '@unrs/rspack-resolver-binding-darwin-arm64': [ '1.2.2' ],
24 silly audit   '@unrs/rspack-resolver-binding-darwin-x64': [ '1.2.2' ],
24 silly audit   '@unrs/rspack-resolver-binding-freebsd-x64': [ '1.2.2' ],
24 silly audit   '@unrs/rspack-resolver-binding-linux-arm-gnueabihf': [ '1.2.2' ],
24 silly audit   '@unrs/rspack-resolver-binding-linux-arm64-gnu': [ '1.2.2' ],
24 silly audit   '@unrs/rspack-resolver-binding-linux-arm64-musl': [ '1.2.2' ],
24 silly audit   '@unrs/rspack-resolver-binding-linux-x64-gnu': [ '1.2.2' ],
24 silly audit   '@unrs/rspack-resolver-binding-linux-x64-musl': [ '1.2.2' ],
24 silly audit   '@unrs/rspack-resolver-binding-wasm32-wasi': [ '1.2.2' ],
24 silly audit   '@unrs/rspack-resolver-binding-win32-arm64-msvc': [ '1.2.2' ],
24 silly audit   '@unrs/rspack-resolver-binding-win32-x64-msvc': [ '1.2.2' ],
24 silly audit   '@yr/monotone-cubic-spline': [ '1.0.3' ],
24 silly audit   acorn: [ '8.14.1' ],
24 silly audit   'acorn-jsx': [ '5.3.2' ],
24 silly audit   ajv: [ '6.12.6' ],
24 silly audit   'ansi-styles': [ '4.3.0' ],
24 silly audit   apexcharts: [ '4.5.0' ],
24 silly audit   argparse: [ '2.0.1' ],
24 silly audit   'aria-query': [ '5.3.2' ],
24 silly audit   'array-buffer-byte-length': [ '1.0.2' ],
24 silly audit   'array-includes': [ '3.1.8' ],
24 silly audit   'array.prototype.findlast': [ '1.2.5' ],
24 silly audit   'array.prototype.findlastindex': [ '1.2.6' ],
24 silly audit   'array.prototype.flat': [ '1.3.3' ],
24 silly audit   'array.prototype.flatmap': [ '1.3.3' ],
24 silly audit   'array.prototype.tosorted': [ '1.1.4' ],
24 silly audit   'arraybuffer.prototype.slice': [ '1.0.4' ],
24 silly audit   'ast-types-flow': [ '0.0.8' ],
24 silly audit   'async-function': [ '1.0.0' ],
24 silly audit   'attr-accept': [ '2.2.5' ],
24 silly audit   autoprefixer: [ '10.4.21' ],
24 silly audit   'available-typed-arrays': [ '1.0.7' ],
24 silly audit   'axe-core': [ '4.10.3' ],
24 silly audit   'axobject-query': [ '4.1.0' ],
24 silly audit   'babel-plugin-polyfill-corejs2': [ '0.4.13' ],
24 silly audit   'babel-plugin-polyfill-corejs3': [ '0.11.1' ],
24 silly audit   'babel-plugin-polyfill-regenerator': [ '0.6.4' ],
24 silly audit   'balanced-match': [ '1.0.2' ],
24 silly audit   boolbase: [ '1.0.0' ],
24 silly audit   braces: [ '3.0.3' ],
24 silly audit   browserslist: [ '4.24.4' ],
24 silly audit   busboy: [ '1.6.0' ],
24 silly audit   'call-bind': [ '1.0.8' ],
24 silly audit   'call-bind-apply-helpers': [ '1.0.2' ],
24 silly audit   'call-bound': [ '1.0.4' ],
24 silly audit   callsites: [ '3.1.0' ],
24 silly audit   camelcase: [ '6.3.0' ],
24 silly audit   'caniuse-lite': [ '1.0.30001707' ],
24 silly audit   chalk: [ '4.1.2' ],
24 silly audit   classnames: [ '2.5.1' ],
24 silly audit   'client-only': [ '0.0.1' ],
24 silly audit   color: [ '4.2.3' ],
24 silly audit   'color-convert': [ '2.0.1' ],
24 silly audit   'color-name': [ '1.1.4' ],
24 silly audit   'color-string': [ '1.9.1' ],
24 silly audit   commander: [ '7.2.0' ],
24 silly audit   'concat-map': [ '0.0.1' ],
24 silly audit   'convert-source-map': [ '2.0.0' ],
24 silly audit   'core-js-compat': [ '3.41.0' ],
24 silly audit   cosmiconfig: [ '8.3.6' ],
24 silly audit   'cross-spawn': [ '7.0.6' ],
24 silly audit   'css-select': [ '5.1.0' ],
24 silly audit   'css-tree': [ '2.3.1', '2.2.1' ],
24 silly audit   'css-what': [ '6.1.0' ],
24 silly audit   csso: [ '5.0.5' ],
24 silly audit   'mdn-data': [ '2.0.28', '2.0.30' ],
24 silly audit   csstype: [ '3.1.3' ],
24 silly audit   'damerau-levenshtein': [ '1.0.8' ],
24 silly audit   'data-view-buffer': [ '1.0.2' ],
24 silly audit   'data-view-byte-length': [ '1.0.2' ],
24 silly audit   'data-view-byte-offset': [ '1.0.1' ],
24 silly audit   debug: [ '4.4.0', '3.2.7' ],
24 silly audit   'deep-is': [ '0.1.4' ],
24 silly audit   deepmerge: [ '4.3.1' ],
24 silly audit   'define-data-property': [ '1.1.4' ],
24 silly audit   'define-properties': [ '1.2.1' ],
24 silly audit   'detect-libc': [ '2.0.3' ],
24 silly audit   'dnd-core': [ '16.0.1' ],
24 silly audit   doctrine: [ '2.1.0' ],
24 silly audit   'dom-serializer': [ '2.0.0' ],
24 silly audit   domelementtype: [ '2.3.0' ],
24 silly audit   domhandler: [ '5.0.3' ],
24 silly audit   domutils: [ '3.2.2' ],
24 silly audit   'dot-case': [ '3.0.4' ],
24 silly audit   'dunder-proto': [ '1.0.1' ],
24 silly audit   'electron-to-chromium': [ '1.5.123' ],
24 silly audit   'emoji-regex': [ '9.2.2' ],
24 silly audit   'enhanced-resolve': [ '5.18.1' ],
24 silly audit   entities: [ '4.5.0' ],
24 silly audit   'error-ex': [ '1.3.2' ],
24 silly audit   'es-abstract': [ '1.23.9' ],
24 silly audit   'es-define-property': [ '1.0.1' ],
24 silly audit   'es-errors': [ '1.3.0' ],
24 silly audit   'es-iterator-helpers': [ '1.2.1' ],
24 silly audit   'es-object-atoms': [ '1.1.1' ],
24 silly audit   'es-set-tostringtag': [ '2.1.0' ],
24 silly audit   'es-shim-unscopables': [ '1.1.0' ],
24 silly audit   'es-to-primitive': [ '1.3.0' ],
24 silly audit   escalade: [ '3.2.0' ],
24 silly audit   'escape-string-regexp': [ '4.0.0' ],
24 silly audit   eslint: [ '9.23.0' ],
24 silly audit   'eslint-config-next': [ '15.1.3' ],
24 silly audit   'eslint-import-resolver-node': [ '0.3.9' ],
24 silly audit   'eslint-import-resolver-typescript': [ '3.9.1' ],
24 silly audit   'eslint-module-utils': [ '2.12.0' ],
24 silly audit   'eslint-plugin-import': [ '2.31.0' ],
24 silly audit   'eslint-plugin-jsx-a11y': [ '6.10.2' ],
24 silly audit   'eslint-plugin-react': [ '7.37.4' ],
24 silly audit   'eslint-plugin-react-hooks': [ '5.2.0' ],
24 silly audit   resolve: [ '2.0.0-next.5', '1.22.10' ],
24 silly audit   'eslint-scope': [ '8.3.0' ],
24 silly audit   espree: [ '10.3.0' ],
24 silly audit   esquery: [ '1.6.0' ],
24 silly audit   esrecurse: [ '4.3.0' ],
24 silly audit   estraverse: [ '5.3.0' ],
24 silly audit   esutils: [ '2.0.3' ],
24 silly audit   'fast-deep-equal': [ '3.1.3' ],
24 silly audit   'fast-json-stable-stringify': [ '2.1.0' ],
24 silly audit   'fast-levenshtein': [ '2.0.6' ],
24 silly audit   fastq: [ '1.19.1' ],
24 silly audit   'file-entry-cache': [ '8.0.0' ],
24 silly audit   'file-selector': [ '2.1.2' ],
24 silly audit   'fill-range': [ '7.1.1' ],
24 silly audit   'find-up': [ '5.0.0' ],
24 silly audit   'flat-cache': [ '4.0.1' ],
24 silly audit   flatpickr: [ '4.6.13' ],
24 silly audit   flatted: [ '3.3.3' ],
24 silly audit   'for-each': [ '0.3.5' ],
24 silly audit   'fraction.js': [ '4.3.7' ],
24 silly audit   'function-bind': [ '1.1.2' ],
24 silly audit   'function.prototype.name': [ '1.1.8' ],
24 silly audit   'functions-have-names': [ '1.2.3' ],
24 silly audit   gensync: [ '1.0.0-beta.2' ],
24 silly audit   'get-intrinsic': [ '1.3.0' ],
24 silly audit   'get-proto': [ '1.0.1' ],
24 silly audit   'get-symbol-description': [ '1.1.0' ],
24 silly audit   'get-tsconfig': [ '4.10.0' ],
24 silly audit   globalthis: [ '1.0.4' ],
24 silly audit   gopd: [ '1.2.0' ],
24 silly audit   'graceful-fs': [ '4.2.11' ],
24 silly audit   graphemer: [ '1.4.0' ],
24 silly audit   'has-bigints': [ '1.1.0' ],
24 silly audit   'has-flag': [ '4.0.0' ],
24 silly audit   'has-property-descriptors': [ '1.0.2' ],
24 silly audit   'has-proto': [ '1.2.0' ],
24 silly audit   'has-symbols': [ '1.1.0' ],
24 silly audit   'has-tostringtag': [ '1.0.2' ],
24 silly audit   hasown: [ '2.0.2' ],
24 silly audit   'hoist-non-react-statics': [ '3.3.2' ],
24 silly audit   ignore: [ '5.3.2' ],
24 silly audit   'import-fresh': [ '3.3.1' ],
24 silly audit   imurmurhash: [ '0.1.4' ],
24 silly audit   'internal-slot': [ '1.1.0' ],
24 silly audit   'is-array-buffer': [ '3.0.5' ],
24 silly audit   'is-arrayish': [ '0.2.1', '0.3.2' ],
24 silly audit   'is-async-function': [ '2.1.1' ],
24 silly audit   'is-bigint': [ '1.1.0' ],
24 silly audit   'is-boolean-object': [ '1.2.2' ],
24 silly audit   'is-bun-module': [ '1.3.0' ],
24 silly audit   'is-callable': [ '1.2.7' ],
24 silly audit   'is-core-module': [ '2.16.1' ],
24 silly audit   'is-data-view': [ '1.0.2' ],
24 silly audit   'is-date-object': [ '1.1.0' ],
24 silly audit   'is-extglob': [ '2.1.1' ],
24 silly audit   'is-finalizationregistry': [ '1.1.1' ],
24 silly audit   'is-generator-function': [ '1.1.0' ],
24 silly audit   'is-glob': [ '4.0.3' ],
24 silly audit   'is-map': [ '2.0.3' ],
24 silly audit   'is-number': [ '7.0.0' ],
24 silly audit   'is-number-object': [ '1.1.1' ],
24 silly audit   'is-regex': [ '1.2.1' ],
24 silly audit   'is-set': [ '2.0.3' ],
24 silly audit   'is-shared-array-buffer': [ '1.0.4' ],
24 silly audit   'is-string': [ '1.1.1' ],
24 silly audit   'is-symbol': [ '1.1.1' ],
24 silly audit   'is-typed-array': [ '1.1.15' ],
24 silly audit   'is-weakmap': [ '2.0.2' ],
24 silly audit   'is-weakref': [ '1.1.1' ],
24 silly audit   'is-weakset': [ '2.0.4' ],
24 silly audit   isarray: [ '2.0.5' ],
24 silly audit   isexe: [ '2.0.0' ],
24 silly audit   'iterator.prototype': [ '1.1.5' ],
24 silly audit   jiti: [ '2.4.2' ],
24 silly audit   jquery: [ '3.7.1' ],
24 silly audit   'js-tokens': [ '4.0.0' ],
24 silly audit   'js-yaml': [ '4.1.0' ],
24 silly audit   jsesc: [ '3.1.0', '3.0.2' ],
24 silly audit   'json-buffer': [ '3.0.1' ],
24 silly audit   'json-parse-even-better-errors': [ '2.3.1' ],
24 silly audit   'json-schema-traverse': [ '0.4.1' ],
24 silly audit   'json-stable-stringify-without-jsonify': [ '1.0.1' ],
24 silly audit   json5: [ '2.2.3', '1.0.2' ],
24 silly audit   'jsx-ast-utils': [ '3.3.5' ],
24 silly audit   keyv: [ '4.5.4' ],
24 silly audit   'language-subtag-registry': [ '0.3.23' ],
24 silly audit   'language-tags': [ '1.0.9' ],
24 silly audit   levn: [ '0.4.1' ],
24 silly audit   lightningcss: [ '1.29.2' ],
24 silly audit   'lightningcss-darwin-arm64': [ '1.29.2' ],
24 silly audit   'lightningcss-darwin-x64': [ '1.29.2' ],
24 silly audit   'lightningcss-freebsd-x64': [ '1.29.2' ],
24 silly audit   'lightningcss-linux-arm-gnueabihf': [ '1.29.2' ],
24 silly audit   'lightningcss-linux-arm64-gnu': [ '1.29.2' ],
24 silly audit   'lightningcss-linux-arm64-musl': [ '1.29.2' ],
24 silly audit   'lightningcss-linux-x64-gnu': [ '1.29.2' ],
24 silly audit   'lightningcss-linux-x64-musl': [ '1.29.2' ],
24 silly audit   'lightningcss-win32-arm64-msvc': [ '1.29.2' ],
24 silly audit   'lightningcss-win32-x64-msvc': [ '1.29.2' ],
24 silly audit   'lines-and-columns': [ '1.2.4' ],
24 silly audit   'locate-path': [ '6.0.0' ],
24 silly audit   'lodash.debounce': [ '4.0.8' ],
24 silly audit   'lodash.merge': [ '4.6.2' ],
24 silly audit   'loose-envify': [ '1.4.0' ],
24 silly audit   'lower-case': [ '2.0.2' ],
24 silly audit   'lru-cache': [ '5.1.1' ],
24 silly audit   'math-intrinsics': [ '1.1.0' ],
24 silly audit   merge2: [ '1.4.1' ],
24 silly audit   micromatch: [ '4.0.8' ],
24 silly audit   'mini-svg-data-uri': [ '1.4.4' ],
24 silly audit   minimist: [ '1.2.8' ],
24 silly audit   ms: [ '2.1.3' ],
24 silly audit   nanoid: [ '3.3.11' ],
24 silly audit   'natural-compare': [ '1.4.0' ],
24 silly audit   next: [ '15.2.3' ],
24 silly audit   postcss: [ '8.4.31', '8.5.3' ],
24 silly audit   'no-case': [ '3.0.4' ],
24 silly audit   'node-releases': [ '2.0.19' ],
24 silly audit   'normalize-range': [ '0.1.2' ],
24 silly audit   'nth-check': [ '2.1.1' ],
24 silly audit   'object-assign': [ '4.1.1' ],
24 silly audit   'object-inspect': [ '1.13.4' ],
24 silly audit   'object-keys': [ '1.1.1' ],
24 silly audit   'object.assign': [ '4.1.7' ],
24 silly audit   'object.entries': [ '1.1.9' ],
24 silly audit   'object.fromentries': [ '2.0.8' ],
24 silly audit   'object.groupby': [ '1.0.3' ],
24 silly audit   'object.values': [ '1.2.1' ],
24 silly audit   optionator: [ '0.9.4' ],
24 silly audit   'own-keys': [ '1.0.1' ],
24 silly audit   'p-limit': [ '3.1.0' ],
24 silly audit   'p-locate': [ '5.0.0' ],
24 silly audit   'parent-module': [ '1.0.1' ],
24 silly audit   'parse-json': [ '5.2.0' ],
24 silly audit   'path-exists': [ '4.0.0' ],
24 silly audit   'path-key': [ '3.1.1' ],
24 silly audit   'path-parse': [ '1.0.7' ],
24 silly audit   'path-type': [ '4.0.0' ],
24 silly audit   picocolors: [ '1.1.1' ],
24 silly audit   picomatch: [ '2.3.1', '4.0.2' ],
24 silly audit   'possible-typed-array-names': [ '1.1.0' ],
24 silly audit   'postcss-value-parser': [ '4.2.0' ],
24 silly audit   preact: [ '10.12.1' ],
24 silly audit   'prelude-ls': [ '1.2.1' ],
24 silly audit   'prop-types': [ '15.8.1' ],
24 silly audit   punycode: [ '2.3.1' ],
24 silly audit   'queue-microtask': [ '1.2.3' ],
24 silly audit   react: [ '19.0.0' ],
24 silly audit   'react-apexcharts': [ '1.7.0' ],
24 silly audit   'react-dnd': [ '16.0.1' ],
24 silly audit   'react-dnd-html5-backend': [ '16.0.1' ],
24 silly audit   'react-dom': [ '19.0.0' ],
24 silly audit   'react-dropzone': [ '14.3.8' ],
24 silly audit   'react-is': [ '16.13.1' ],
24 silly audit   redux: [ '4.2.1' ],
24 silly audit   'reflect.getprototypeof': [ '1.0.10' ],
24 silly audit   regenerate: [ '1.4.2' ],
24 silly audit   'regenerate-unicode-properties': [ '10.2.0' ],
24 silly audit   'regenerator-runtime': [ '0.14.1' ],
24 silly audit   'regenerator-transform': [ '0.15.2' ],
24 silly audit   'regexp.prototype.flags': [ '1.5.4' ],
24 silly audit   'regexpu-core': [ '6.2.0' ],
24 silly audit   regjsgen: [ '0.8.0' ],
24 silly audit   regjsparser: [ '0.12.0' ],
24 silly audit   'resolve-from': [ '4.0.0' ],
24 silly audit   'resolve-pkg-maps': [ '1.0.0' ],
24 silly audit   reusify: [ '1.1.0' ],
24 silly audit   'rspack-resolver': [ '1.2.2' ],
24 silly audit   'run-parallel': [ '1.2.0' ],
24 silly audit   'safe-array-concat': [ '1.1.3' ],
24 silly audit   'safe-push-apply': [ '1.0.0' ],
24 silly audit   'safe-regex-test': [ '1.1.0' ],
24 silly audit   scheduler: [ '0.25.0' ],
24 silly audit   'set-function-length': [ '1.2.2' ],
24 silly audit   'set-function-name': [ '2.0.2' ],
24 silly audit   'set-proto': [ '1.0.0' ],
24 silly audit   sharp: [ '0.33.5' ],
24 silly audit   'shebang-command': [ '2.0.0' ],
24 silly audit   'shebang-regex': [ '3.0.0' ],
24 silly audit   'side-channel': [ '1.1.0' ],
24 silly audit   'side-channel-list': [ '1.0.0' ],
24 silly audit   'side-channel-map': [ '1.0.1' ],
24 silly audit   'side-channel-weakmap': [ '1.0.2' ],
24 silly audit   'simple-swizzle': [ '0.2.2' ],
24 silly audit   'snake-case': [ '3.0.4' ],
24 silly audit   'source-map-js': [ '1.2.1' ],
24 silly audit   'stable-hash': [ '0.0.5' ],
24 silly audit   streamsearch: [ '1.1.0' ],
24 silly audit   'string.prototype.includes': [ '2.0.1' ],
24 silly audit   'string.prototype.matchall': [ '4.0.12' ],
24 silly audit   'string.prototype.repeat': [ '1.0.0' ],
24 silly audit   'string.prototype.trim': [ '1.2.10' ],
24 silly audit   'string.prototype.trimend': [ '1.0.9' ],
24 silly audit   'string.prototype.trimstart': [ '1.0.8' ],
24 silly audit   'strip-bom': [ '3.0.0' ],
24 silly audit   'strip-json-comments': [ '3.1.1' ],
24 silly audit   'styled-jsx': [ '5.1.6' ],
24 silly audit   'supports-color': [ '7.2.0' ],
24 silly audit   'supports-preserve-symlinks-flag': [ '1.0.0' ],
24 silly audit   'svg-parser': [ '2.0.4' ],
24 silly audit   svgo: [ '3.3.2' ],
24 silly audit   swiper: [ '11.2.6' ],
24 silly audit   'tailwind-merge': [ '2.6.0' ],
24 silly audit   tailwindcss: [ '4.0.15' ],
24 silly audit   tapable: [ '2.2.1' ],
24 silly audit   tinyglobby: [ '0.2.12' ],
24 silly audit   fdir: [ '6.4.3' ],
24 silly audit   'to-regex-range': [ '5.0.1' ],
24 silly audit   'ts-api-utils': [ '2.1.0' ],
24 silly audit   'tsconfig-paths': [ '3.15.0' ],
24 silly audit   tslib: [ '2.8.1' ],
24 silly audit   'type-check': [ '0.4.0' ],
24 silly audit   'typed-array-buffer': [ '1.0.3' ],
24 silly audit   'typed-array-byte-length': [ '1.0.3' ],
24 silly audit   'typed-array-byte-offset': [ '1.0.4' ],
24 silly audit   'typed-array-length': [ '1.0.7' ],
24 silly audit   typescript: [ '5.8.2' ],
24 silly audit   'unbox-primitive': [ '1.1.0' ],
24 silly audit   'undici-types': [ '6.19.8' ],
24 silly audit   'unicode-canonical-property-names-ecmascript': [ '2.0.1' ],
24 silly audit   'unicode-match-property-ecmascript': [ '2.0.0' ],
24 silly audit   'unicode-match-property-value-ecmascript': [ '2.2.0' ],
24 silly audit   'unicode-property-aliases-ecmascript': [ '2.1.0' ],
24 silly audit   'update-browserslist-db': [ '1.1.3' ],
24 silly audit   'uri-js': [ '4.4.1' ],
24 silly audit   which: [ '2.0.2' ],
24 silly audit   'which-boxed-primitive': [ '1.1.1' ],
24 silly audit   'which-builtin-type': [ '1.2.1' ],
24 silly audit   'which-collection': [ '1.0.2' ],
24 silly audit   'which-typed-array': [ '1.1.19' ],
24 silly audit   'word-wrap': [ '1.2.5' ],
24 silly audit   yallist: [ '3.1.1' ],
24 silly audit   'yocto-queue': [ '0.1.0' ],
24 silly audit   'react-icons': [ '5.5.0' ]
24 silly audit }
25 verbose reify failed optional dependency C:\project\next-goal-dashboard\node_modules\lightningcss-win32-arm64-msvc
26 silly reify mark deleted [
26 silly reify   'C:\\project\\next-goal-dashboard\\node_modules\\lightningcss-win32-arm64-msvc'
26 silly reify ]
27 verbose reify failed optional dependency C:\project\next-goal-dashboard\node_modules\lightningcss-linux-x64-musl
28 silly reify mark deleted [
28 silly reify   'C:\\project\\next-goal-dashboard\\node_modules\\lightningcss-linux-x64-musl'
28 silly reify ]
29 verbose reify failed optional dependency C:\project\next-goal-dashboard\node_modules\lightningcss-linux-x64-gnu
30 silly reify mark deleted [
30 silly reify   'C:\\project\\next-goal-dashboard\\node_modules\\lightningcss-linux-x64-gnu'
30 silly reify ]
31 verbose reify failed optional dependency C:\project\next-goal-dashboard\node_modules\lightningcss-linux-arm64-musl
32 silly reify mark deleted [
32 silly reify   'C:\\project\\next-goal-dashboard\\node_modules\\lightningcss-linux-arm64-musl'
32 silly reify ]
33 verbose reify failed optional dependency C:\project\next-goal-dashboard\node_modules\lightningcss-linux-arm64-gnu
34 silly reify mark deleted [
34 silly reify   'C:\\project\\next-goal-dashboard\\node_modules\\lightningcss-linux-arm64-gnu'
34 silly reify ]
35 verbose reify failed optional dependency C:\project\next-goal-dashboard\node_modules\lightningcss-linux-arm-gnueabihf
36 silly reify mark deleted [
36 silly reify   'C:\\project\\next-goal-dashboard\\node_modules\\lightningcss-linux-arm-gnueabihf'
36 silly reify ]
37 verbose reify failed optional dependency C:\project\next-goal-dashboard\node_modules\lightningcss-freebsd-x64
38 silly reify mark deleted [
38 silly reify   'C:\\project\\next-goal-dashboard\\node_modules\\lightningcss-freebsd-x64'
38 silly reify ]
39 verbose reify failed optional dependency C:\project\next-goal-dashboard\node_modules\lightningcss-darwin-x64
40 silly reify mark deleted [
40 silly reify   'C:\\project\\next-goal-dashboard\\node_modules\\lightningcss-darwin-x64'
40 silly reify ]
41 verbose reify failed optional dependency C:\project\next-goal-dashboard\node_modules\lightningcss-darwin-arm64
42 silly reify mark deleted [
42 silly reify   'C:\\project\\next-goal-dashboard\\node_modules\\lightningcss-darwin-arm64'
42 silly reify ]
43 verbose reify failed optional dependency C:\project\next-goal-dashboard\node_modules\@unrs\rspack-resolver-binding-win32-arm64-msvc
44 silly reify mark deleted [
44 silly reify   'C:\\project\\next-goal-dashboard\\node_modules\\@unrs\\rspack-resolver-binding-win32-arm64-msvc'
44 silly reify ]
45 verbose reify failed optional dependency C:\project\next-goal-dashboard\node_modules\@unrs\rspack-resolver-binding-wasm32-wasi
46 silly reify mark deleted [
46 silly reify   'C:\\project\\next-goal-dashboard\\node_modules\\@unrs\\rspack-resolver-binding-wasm32-wasi'
46 silly reify ]
47 verbose reify failed optional dependency C:\project\next-goal-dashboard\node_modules\@napi-rs\wasm-runtime
48 silly reify mark deleted [
48 silly reify   'C:\\project\\next-goal-dashboard\\node_modules\\@napi-rs\\wasm-runtime'
48 silly reify ]
49 verbose reify failed optional dependency C:\project\next-goal-dashboard\node_modules\@emnapi\core
50 silly reify mark deleted [ 'C:\\project\\next-goal-dashboard\\node_modules\\@emnapi\\core' ]
51 verbose reify failed optional dependency C:\project\next-goal-dashboard\node_modules\@tybys\wasm-util
52 silly reify mark deleted [ 'C:\\project\\next-goal-dashboard\\node_modules\\@tybys\\wasm-util' ]
53 verbose reify failed optional dependency C:\project\next-goal-dashboard\node_modules\@emnapi\wasi-threads
54 silly reify mark deleted [
54 silly reify   'C:\\project\\next-goal-dashboard\\node_modules\\@emnapi\\wasi-threads'
54 silly reify ]
55 verbose reify failed optional dependency C:\project\next-goal-dashboard\node_modules\@unrs\rspack-resolver-binding-linux-x64-musl
56 silly reify mark deleted [
56 silly reify   'C:\\project\\next-goal-dashboard\\node_modules\\@unrs\\rspack-resolver-binding-linux-x64-musl'
56 silly reify ]
57 verbose reify failed optional dependency C:\project\next-goal-dashboard\node_modules\@unrs\rspack-resolver-binding-linux-x64-gnu
58 silly reify mark deleted [
58 silly reify   'C:\\project\\next-goal-dashboard\\node_modules\\@unrs\\rspack-resolver-binding-linux-x64-gnu'
58 silly reify ]
59 verbose reify failed optional dependency C:\project\next-goal-dashboard\node_modules\@unrs\rspack-resolver-binding-linux-arm64-musl
60 silly reify mark deleted [
60 silly reify   'C:\\project\\next-goal-dashboard\\node_modules\\@unrs\\rspack-resolver-binding-linux-arm64-musl'
60 silly reify ]
61 verbose reify failed optional dependency C:\project\next-goal-dashboard\node_modules\@unrs\rspack-resolver-binding-linux-arm64-gnu
62 silly reify mark deleted [
62 silly reify   'C:\\project\\next-goal-dashboard\\node_modules\\@unrs\\rspack-resolver-binding-linux-arm64-gnu'
62 silly reify ]
63 verbose reify failed optional dependency C:\project\next-goal-dashboard\node_modules\@unrs\rspack-resolver-binding-linux-arm-gnueabihf
64 silly reify mark deleted [
64 silly reify   'C:\\project\\next-goal-dashboard\\node_modules\\@unrs\\rspack-resolver-binding-linux-arm-gnueabihf'
64 silly reify ]
65 verbose reify failed optional dependency C:\project\next-goal-dashboard\node_modules\@unrs\rspack-resolver-binding-freebsd-x64
66 silly reify mark deleted [
66 silly reify   'C:\\project\\next-goal-dashboard\\node_modules\\@unrs\\rspack-resolver-binding-freebsd-x64'
66 silly reify ]
67 verbose reify failed optional dependency C:\project\next-goal-dashboard\node_modules\@unrs\rspack-resolver-binding-darwin-x64
68 silly reify mark deleted [
68 silly reify   'C:\\project\\next-goal-dashboard\\node_modules\\@unrs\\rspack-resolver-binding-darwin-x64'
68 silly reify ]
69 verbose reify failed optional dependency C:\project\next-goal-dashboard\node_modules\@unrs\rspack-resolver-binding-darwin-arm64
70 silly reify mark deleted [
70 silly reify   'C:\\project\\next-goal-dashboard\\node_modules\\@unrs\\rspack-resolver-binding-darwin-arm64'
70 silly reify ]
71 verbose reify failed optional dependency C:\project\next-goal-dashboard\node_modules\@tailwindcss\oxide-win32-arm64-msvc
72 silly reify mark deleted [
72 silly reify   'C:\\project\\next-goal-dashboard\\node_modules\\@tailwindcss\\oxide-win32-arm64-msvc'
72 silly reify ]
73 verbose reify failed optional dependency C:\project\next-goal-dashboard\node_modules\@tailwindcss\oxide-linux-x64-musl
74 silly reify mark deleted [
74 silly reify   'C:\\project\\next-goal-dashboard\\node_modules\\@tailwindcss\\oxide-linux-x64-musl'
74 silly reify ]
75 verbose reify failed optional dependency C:\project\next-goal-dashboard\node_modules\@tailwindcss\oxide-linux-x64-gnu
76 silly reify mark deleted [
76 silly reify   'C:\\project\\next-goal-dashboard\\node_modules\\@tailwindcss\\oxide-linux-x64-gnu'
76 silly reify ]
77 verbose reify failed optional dependency C:\project\next-goal-dashboard\node_modules\@tailwindcss\oxide-linux-arm64-musl
78 silly reify mark deleted [
78 silly reify   'C:\\project\\next-goal-dashboard\\node_modules\\@tailwindcss\\oxide-linux-arm64-musl'
78 silly reify ]
79 verbose reify failed optional dependency C:\project\next-goal-dashboard\node_modules\@tailwindcss\oxide-linux-arm64-gnu
80 silly reify mark deleted [
80 silly reify   'C:\\project\\next-goal-dashboard\\node_modules\\@tailwindcss\\oxide-linux-arm64-gnu'
80 silly reify ]
81 verbose reify failed optional dependency C:\project\next-goal-dashboard\node_modules\@tailwindcss\oxide-linux-arm-gnueabihf
82 silly reify mark deleted [
82 silly reify   'C:\\project\\next-goal-dashboard\\node_modules\\@tailwindcss\\oxide-linux-arm-gnueabihf'
82 silly reify ]
83 verbose reify failed optional dependency C:\project\next-goal-dashboard\node_modules\@tailwindcss\oxide-freebsd-x64
84 silly reify mark deleted [
84 silly reify   'C:\\project\\next-goal-dashboard\\node_modules\\@tailwindcss\\oxide-freebsd-x64'
84 silly reify ]
85 verbose reify failed optional dependency C:\project\next-goal-dashboard\node_modules\@tailwindcss\oxide-darwin-x64
86 silly reify mark deleted [
86 silly reify   'C:\\project\\next-goal-dashboard\\node_modules\\@tailwindcss\\oxide-darwin-x64'
86 silly reify ]
87 verbose reify failed optional dependency C:\project\next-goal-dashboard\node_modules\@tailwindcss\oxide-darwin-arm64
88 silly reify mark deleted [
88 silly reify   'C:\\project\\next-goal-dashboard\\node_modules\\@tailwindcss\\oxide-darwin-arm64'
88 silly reify ]
89 verbose reify failed optional dependency C:\project\next-goal-dashboard\node_modules\@tailwindcss\oxide-android-arm64
90 silly reify mark deleted [
90 silly reify   'C:\\project\\next-goal-dashboard\\node_modules\\@tailwindcss\\oxide-android-arm64'
90 silly reify ]
91 verbose reify failed optional dependency C:\project\next-goal-dashboard\node_modules\@next\swc-win32-arm64-msvc
92 silly reify mark deleted [
92 silly reify   'C:\\project\\next-goal-dashboard\\node_modules\\@next\\swc-win32-arm64-msvc'
92 silly reify ]
93 verbose reify failed optional dependency C:\project\next-goal-dashboard\node_modules\@next\swc-linux-x64-musl
94 silly reify mark deleted [
94 silly reify   'C:\\project\\next-goal-dashboard\\node_modules\\@next\\swc-linux-x64-musl'
94 silly reify ]
95 verbose reify failed optional dependency C:\project\next-goal-dashboard\node_modules\@next\swc-linux-x64-gnu
96 silly reify mark deleted [
96 silly reify   'C:\\project\\next-goal-dashboard\\node_modules\\@next\\swc-linux-x64-gnu'
96 silly reify ]
97 verbose reify failed optional dependency C:\project\next-goal-dashboard\node_modules\@next\swc-linux-arm64-musl
98 silly reify mark deleted [
98 silly reify   'C:\\project\\next-goal-dashboard\\node_modules\\@next\\swc-linux-arm64-musl'
98 silly reify ]
99 verbose reify failed optional dependency C:\project\next-goal-dashboard\node_modules\@next\swc-linux-arm64-gnu
100 silly reify mark deleted [
100 silly reify   'C:\\project\\next-goal-dashboard\\node_modules\\@next\\swc-linux-arm64-gnu'
100 silly reify ]
101 verbose reify failed optional dependency C:\project\next-goal-dashboard\node_modules\@next\swc-darwin-x64
102 silly reify mark deleted [
102 silly reify   'C:\\project\\next-goal-dashboard\\node_modules\\@next\\swc-darwin-x64'
102 silly reify ]
103 verbose reify failed optional dependency C:\project\next-goal-dashboard\node_modules\@next\swc-darwin-arm64
104 silly reify mark deleted [
104 silly reify   'C:\\project\\next-goal-dashboard\\node_modules\\@next\\swc-darwin-arm64'
104 silly reify ]
105 verbose reify failed optional dependency C:\project\next-goal-dashboard\node_modules\@img\sharp-win32-ia32
106 silly reify mark deleted [
106 silly reify   'C:\\project\\next-goal-dashboard\\node_modules\\@img\\sharp-win32-ia32'
106 silly reify ]
107 verbose reify failed optional dependency C:\project\next-goal-dashboard\node_modules\@img\sharp-wasm32
108 silly reify mark deleted [
108 silly reify   'C:\\project\\next-goal-dashboard\\node_modules\\@img\\sharp-wasm32'
108 silly reify ]
109 verbose reify failed optional dependency C:\project\next-goal-dashboard\node_modules\@img\sharp-linuxmusl-x64
110 silly reify mark deleted [
110 silly reify   'C:\\project\\next-goal-dashboard\\node_modules\\@img\\sharp-linuxmusl-x64'
110 silly reify ]
111 verbose reify failed optional dependency C:\project\next-goal-dashboard\node_modules\@img\sharp-linuxmusl-arm64
112 silly reify mark deleted [
112 silly reify   'C:\\project\\next-goal-dashboard\\node_modules\\@img\\sharp-linuxmusl-arm64'
112 silly reify ]
113 verbose reify failed optional dependency C:\project\next-goal-dashboard\node_modules\@img\sharp-linux-x64
114 silly reify mark deleted [
114 silly reify   'C:\\project\\next-goal-dashboard\\node_modules\\@img\\sharp-linux-x64'
114 silly reify ]
115 verbose reify failed optional dependency C:\project\next-goal-dashboard\node_modules\@img\sharp-linux-s390x
116 silly reify mark deleted [
116 silly reify   'C:\\project\\next-goal-dashboard\\node_modules\\@img\\sharp-linux-s390x'
116 silly reify ]
117 verbose reify failed optional dependency C:\project\next-goal-dashboard\node_modules\@img\sharp-linux-arm64
118 silly reify mark deleted [
118 silly reify   'C:\\project\\next-goal-dashboard\\node_modules\\@img\\sharp-linux-arm64'
118 silly reify ]
119 verbose reify failed optional dependency C:\project\next-goal-dashboard\node_modules\@img\sharp-linux-arm
120 silly reify mark deleted [
120 silly reify   'C:\\project\\next-goal-dashboard\\node_modules\\@img\\sharp-linux-arm'
120 silly reify ]
121 verbose reify failed optional dependency C:\project\next-goal-dashboard\node_modules\@img\sharp-libvips-linuxmusl-x64
122 silly reify mark deleted [
122 silly reify   'C:\\project\\next-goal-dashboard\\node_modules\\@img\\sharp-libvips-linuxmusl-x64'
122 silly reify ]
123 verbose reify failed optional dependency C:\project\next-goal-dashboard\node_modules\@img\sharp-libvips-linuxmusl-arm64
124 silly reify mark deleted [
124 silly reify   'C:\\project\\next-goal-dashboard\\node_modules\\@img\\sharp-libvips-linuxmusl-arm64'
124 silly reify ]
125 verbose reify failed optional dependency C:\project\next-goal-dashboard\node_modules\@img\sharp-libvips-linux-x64
126 silly reify mark deleted [
126 silly reify   'C:\\project\\next-goal-dashboard\\node_modules\\@img\\sharp-libvips-linux-x64'
126 silly reify ]
127 verbose reify failed optional dependency C:\project\next-goal-dashboard\node_modules\@img\sharp-libvips-linux-s390x
128 silly reify mark deleted [
128 silly reify   'C:\\project\\next-goal-dashboard\\node_modules\\@img\\sharp-libvips-linux-s390x'
128 silly reify ]
129 verbose reify failed optional dependency C:\project\next-goal-dashboard\node_modules\@img\sharp-libvips-linux-arm64
130 silly reify mark deleted [
130 silly reify   'C:\\project\\next-goal-dashboard\\node_modules\\@img\\sharp-libvips-linux-arm64'
130 silly reify ]
131 verbose reify failed optional dependency C:\project\next-goal-dashboard\node_modules\@img\sharp-libvips-linux-arm
132 silly reify mark deleted [
132 silly reify   'C:\\project\\next-goal-dashboard\\node_modules\\@img\\sharp-libvips-linux-arm'
132 silly reify ]
133 verbose reify failed optional dependency C:\project\next-goal-dashboard\node_modules\@img\sharp-libvips-darwin-x64
134 silly reify mark deleted [
134 silly reify   'C:\\project\\next-goal-dashboard\\node_modules\\@img\\sharp-libvips-darwin-x64'
134 silly reify ]
135 verbose reify failed optional dependency C:\project\next-goal-dashboard\node_modules\@img\sharp-libvips-darwin-arm64
136 silly reify mark deleted [
136 silly reify   'C:\\project\\next-goal-dashboard\\node_modules\\@img\\sharp-libvips-darwin-arm64'
136 silly reify ]
137 verbose reify failed optional dependency C:\project\next-goal-dashboard\node_modules\@img\sharp-darwin-x64
138 silly reify mark deleted [
138 silly reify   'C:\\project\\next-goal-dashboard\\node_modules\\@img\\sharp-darwin-x64'
138 silly reify ]
139 verbose reify failed optional dependency C:\project\next-goal-dashboard\node_modules\@img\sharp-darwin-arm64
140 silly reify mark deleted [
140 silly reify   'C:\\project\\next-goal-dashboard\\node_modules\\@img\\sharp-darwin-arm64'
140 silly reify ]
141 http cache react-icons@https://registry.npmjs.org/react-icons/-/react-icons-5.5.0.tgz 0ms (cache hit)
142 http cache @emnapi/wasi-threads@https://registry.npmjs.org/@emnapi/wasi-threads/-/wasi-threads-1.0.1.tgz 0ms (cache hit)
143 http cache @napi-rs/wasm-runtime@https://registry.npmjs.org/@napi-rs/wasm-runtime/-/wasm-runtime-0.2.7.tgz 0ms (cache hit)
144 http cache @emnapi/core@https://registry.npmjs.org/@emnapi/core/-/core-1.3.1.tgz 0ms (cache hit)
145 http cache @tybys/wasm-util@https://registry.npmjs.org/@tybys/wasm-util/-/wasm-util-0.9.0.tgz 1ms (cache hit)
146 silly tarball no local data for react-icons@https://registry.npmjs.org/react-icons/-/react-icons-5.5.0.tgz. Extracting by manifest.
147 silly tarball no local data for @emnapi/wasi-threads@https://registry.npmjs.org/@emnapi/wasi-threads/-/wasi-threads-1.0.1.tgz. Extracting by manifest.
148 silly tarball no local data for @napi-rs/wasm-runtime@https://registry.npmjs.org/@napi-rs/wasm-runtime/-/wasm-runtime-0.2.7.tgz. Extracting by manifest.
149 silly tarball no local data for @emnapi/core@https://registry.npmjs.org/@emnapi/core/-/core-1.3.1.tgz. Extracting by manifest.
150 silly tarball no local data for @tybys/wasm-util@https://registry.npmjs.org/@tybys/wasm-util/-/wasm-util-0.9.0.tgz. Extracting by manifest.
151 http fetch POST 200 https://registry.npmjs.org/-/npm/v1/security/advisories/bulk 277ms
152 silly audit report {
152 silly audit report   '@eslint/plugin-kit': [
152 silly audit report     {
152 silly audit report       id: 1106734,
152 silly audit report       url: 'https://github.com/advisories/GHSA-xffm-g5w8-qvg7',
152 silly audit report       title: '@eslint/plugin-kit is vulnerable to Regular Expression Denial of Service attacks through ConfigCommentParser',
152 silly audit report       severity: 'low',
152 silly audit report       vulnerable_versions: '<0.3.4',
152 silly audit report       cwe: [Array],
152 silly audit report       cvss: [Object]
152 silly audit report     }
152 silly audit report   ],
152 silly audit report   'brace-expansion': [
152 silly audit report     {
152 silly audit report       id: 1105443,
152 silly audit report       url: 'https://github.com/advisories/GHSA-v6h2-p8h4-qcjw',
152 silly audit report       title: 'brace-expansion Regular Expression Denial of Service vulnerability',
152 silly audit report       severity: 'low',
152 silly audit report       vulnerable_versions: '>=1.0.0 <=1.1.11',
152 silly audit report       cwe: [Array],
152 silly audit report       cvss: [Object]
152 silly audit report     },
152 silly audit report     {
152 silly audit report       id: 1105444,
152 silly audit report       url: 'https://github.com/advisories/GHSA-v6h2-p8h4-qcjw',
152 silly audit report       title: 'brace-expansion Regular Expression Denial of Service vulnerability',
152 silly audit report       severity: 'low',
152 silly audit report       vulnerable_versions: '>=2.0.0 <=2.0.1',
152 silly audit report       cwe: [Array],
152 silly audit report       cvss: [Object]
152 silly audit report     }
152 silly audit report   ],
152 silly audit report   next: [
152 silly audit report     {
152 silly audit report       id: 1107228,
152 silly audit report       url: 'https://github.com/advisories/GHSA-g5qg-72qw-gw5v',
152 silly audit report       title: 'Next.js Affected by Cache Key Confusion for Image Optimization API Routes',
152 silly audit report       severity: 'moderate',
152 silly audit report       vulnerable_versions: '>=15.0.0 <=15.4.4',
152 silly audit report       cwe: [Array],
152 silly audit report       cvss: [Object]
152 silly audit report     },
152 silly audit report     {
152 silly audit report       id: 1107514,
152 silly audit report       url: 'https://github.com/advisories/GHSA-xv57-4mr9-wg8v',
152 silly audit report       title: 'Next.js Content Injection Vulnerability for Image Optimization',
152 silly audit report       severity: 'moderate',
152 silly audit report       vulnerable_versions: '>=15.0.0 <=15.4.4',
152 silly audit report       cwe: [Array],
152 silly audit report       cvss: [Object]
152 silly audit report     },
152 silly audit report     {
152 silly audit report       id: 1107515,
152 silly audit report       url: 'https://github.com/advisories/GHSA-4342-x723-ch2f',
152 silly audit report       title: 'Next.js Improper Middleware Redirect Handling Leads to SSRF',
152 silly audit report       severity: 'moderate',
152 silly audit report       vulnerable_versions: '>=15.0.0-canary.0 <15.4.7',
152 silly audit report       cwe: [Array],
152 silly audit report       cvss: [Object]
152 silly audit report     },
152 silly audit report     {
152 silly audit report       id: 1108940,
152 silly audit report       url: 'https://github.com/advisories/GHSA-223j-4rm8-mrmf',
152 silly audit report       title: 'Next.js may leak x-middleware-subrequest-id to external hosts',
152 silly audit report       severity: 'low',
152 silly audit report       vulnerable_versions: '=15.2.3',
152 silly audit report       cwe: [Array],
152 silly audit report       cvss: [Object]
152 silly audit report     }
152 silly audit report   ]
152 silly audit report }
153 silly packumentCache corgi:https://registry.npmjs.org/@eslint%2fplugin-kit cache-miss
154 silly packumentCache corgi:https://registry.npmjs.org/brace-expansion cache-miss
155 silly packumentCache corgi:https://registry.npmjs.org/next cache-miss
156 http fetch GET 200 https://registry.npmjs.org/@tybys/wasm-util/-/wasm-util-0.9.0.tgz 615ms (cache miss)
157 http fetch GET 200 https://registry.npmjs.org/@eslint%2fplugin-kit 412ms (cache miss)
158 silly packumentCache corgi:https://registry.npmjs.org/@eslint%2fplugin-kit set size:undefined disposed:false
159 http fetch GET 200 https://registry.npmjs.org/@emnapi/wasi-threads/-/wasi-threads-1.0.1.tgz 698ms (cache miss)
160 http fetch GET 200 https://registry.npmjs.org/@emnapi/core/-/core-1.3.1.tgz 1096ms (cache miss)
161 http fetch GET 200 https://registry.npmjs.org/brace-expansion 837ms (cache miss)
162 silly packumentCache corgi:https://registry.npmjs.org/brace-expansion set size:undefined disposed:false
163 http fetch GET 200 https://registry.npmjs.org/@napi-rs/wasm-runtime/-/wasm-runtime-0.2.7.tgz 1429ms (cache miss)
164 http fetch GET 200 https://registry.npmjs.org/next 2886ms (cache miss)
165 silly packumentCache corgi:https://registry.npmjs.org/next set size:undefined disposed:false
166 silly packumentCache corgi:https://registry.npmjs.org/eslint cache-miss
167 http fetch GET 200 https://registry.npmjs.org/eslint 185ms (cache miss)
168 silly packumentCache corgi:https://registry.npmjs.org/eslint set size:undefined disposed:false
169 silly packumentCache corgi:https://registry.npmjs.org/minimatch cache-miss
170 http fetch GET 200 https://registry.npmjs.org/minimatch 48ms (cache miss)
171 silly packumentCache corgi:https://registry.npmjs.org/minimatch set size:undefined disposed:false
172 silly packumentCache corgi:https://registry.npmjs.org/@eslint-community%2feslint-utils cache-miss
173 silly packumentCache corgi:https://registry.npmjs.org/@typescript-eslint%2feslint-plugin cache-miss
174 silly packumentCache corgi:https://registry.npmjs.org/@typescript-eslint%2fparser cache-miss
175 silly packumentCache corgi:https://registry.npmjs.org/@typescript-eslint%2ftype-utils cache-miss
176 silly packumentCache corgi:https://registry.npmjs.org/@typescript-eslint%2futils cache-miss
177 silly packumentCache corgi:https://registry.npmjs.org/eslint-config-next cache-miss
178 silly packumentCache corgi:https://registry.npmjs.org/eslint-import-resolver-typescript cache-miss
179 silly packumentCache corgi:https://registry.npmjs.org/eslint-plugin-import cache-miss
180 silly packumentCache corgi:https://registry.npmjs.org/eslint-plugin-jsx-a11y cache-miss
181 silly packumentCache corgi:https://registry.npmjs.org/eslint-plugin-react cache-miss
182 silly packumentCache corgi:https://registry.npmjs.org/eslint-plugin-react-hooks cache-miss
183 http fetch GET 200 https://registry.npmjs.org/eslint-import-resolver-typescript 91ms (cache miss)
184 silly packumentCache corgi:https://registry.npmjs.org/eslint-import-resolver-typescript set size:undefined disposed:false
185 http fetch GET 200 https://registry.npmjs.org/eslint-plugin-react 120ms (cache miss)
186 silly packumentCache corgi:https://registry.npmjs.org/eslint-plugin-react set size:undefined disposed:false
187 http fetch GET 200 https://registry.npmjs.org/eslint-plugin-jsx-a11y 142ms (cache miss)
188 silly packumentCache corgi:https://registry.npmjs.org/eslint-plugin-jsx-a11y set size:undefined disposed:false
189 http fetch GET 200 https://registry.npmjs.org/eslint-plugin-import 151ms (cache miss)
190 silly packumentCache corgi:https://registry.npmjs.org/eslint-plugin-import set size:undefined disposed:false
191 http fetch GET 200 https://registry.npmjs.org/eslint-plugin-react-hooks 722ms (cache miss)
192 silly packumentCache corgi:https://registry.npmjs.org/eslint-plugin-react-hooks set size:undefined disposed:false
193 http fetch GET 200 https://registry.npmjs.org/@eslint-community%2feslint-utils 1141ms (cache miss)
194 silly packumentCache corgi:https://registry.npmjs.org/@eslint-community%2feslint-utils set size:undefined disposed:false
195 http fetch GET 200 https://registry.npmjs.org/@typescript-eslint%2ftype-utils 1706ms (cache miss)
196 silly packumentCache corgi:https://registry.npmjs.org/@typescript-eslint%2ftype-utils set size:undefined disposed:false
197 http fetch GET 200 https://registry.npmjs.org/@typescript-eslint%2futils 2667ms (cache miss)
198 silly packumentCache corgi:https://registry.npmjs.org/@typescript-eslint%2futils set size:undefined disposed:false
199 http fetch GET 200 https://registry.npmjs.org/eslint-config-next 2725ms (cache miss)
200 silly packumentCache corgi:https://registry.npmjs.org/eslint-config-next set size:undefined disposed:false
201 http fetch GET 200 https://registry.npmjs.org/@typescript-eslint%2fparser 3061ms (cache miss)
202 silly packumentCache corgi:https://registry.npmjs.org/@typescript-eslint%2fparser set size:undefined disposed:false
203 http fetch GET 200 https://registry.npmjs.org/@typescript-eslint%2feslint-plugin 3245ms (cache miss)
204 silly packumentCache corgi:https://registry.npmjs.org/@typescript-eslint%2feslint-plugin set size:undefined disposed:false
205 http fetch GET 200 https://registry.npmjs.org/react-icons/-/react-icons-5.5.0.tgz 10677ms (cache miss)
206 silly ADD node_modules/react-icons
207 silly ADD
208 silly ADD
209 silly ADD
210 silly ADD
211 silly ADD
212 silly ADD
213 silly ADD
214 silly ADD
215 silly ADD
216 silly ADD
217 silly ADD
218 silly ADD
219 silly ADD
220 silly ADD
221 silly ADD
222 silly ADD
223 silly ADD
224 silly ADD
225 silly ADD
226 silly ADD
227 silly ADD
228 silly ADD
229 silly ADD
230 silly ADD
231 silly ADD
232 silly ADD
233 silly ADD
234 silly ADD
235 silly ADD
236 silly ADD
237 silly ADD
238 silly ADD
239 silly ADD
240 silly ADD
241 silly ADD
242 silly ADD
243 silly ADD
244 silly ADD
245 silly ADD
246 silly ADD
247 silly ADD
248 silly ADD
249 silly ADD
250 silly ADD
251 silly ADD
252 silly ADD
253 silly ADD
254 silly ADD
255 silly ADD
256 silly ADD
257 silly ADD
258 silly ADD
259 silly ADD
260 silly ADD
261 silly ADD
262 silly ADD
263 silly ADD
264 silly ADD
265 verbose cwd C:\project\next-goal-dashboard
266 verbose os Windows_NT 10.0.26100
267 verbose node v22.15.1
268 verbose npm  v10.9.2
269 verbose exit 0
270 info ok
